[INFO ] 2025-10-12 17:57:04 [main] (Liskart_Login_StepDef.java:40) - Clicked to enter phone number
[INFO ] 2025-10-12 17:57:05 [main] (Liskart_Login_StepDef.java:50) - Phone number entered
[INFO ] 2025-10-12 17:57:05 [main] (Liskart_Login_StepDef.java:52) - Clicked on send otp
[INFO ] 2025-10-13 07:32:44 [main] (Liskart_Login_StepDef.java:40) - Clicked to enter phone number
[INFO ] 2025-10-13 07:32:44 [main] (Liskart_Login_StepDef.java:50) - Phone number entered
[INFO ] 2025-10-13 07:32:44 [main] (Liskart_Login_StepDef.java:52) - Clicked on send otp
[INFO ] 2025-10-13 07:37:56 [main] (Liskart_Login_StepDef.java:40) - Clicked to enter phone number
[INFO ] 2025-10-13 07:37:56 [main] (Liskart_Login_StepDef.java:50) - Phone number entered
[INFO ] 2025-10-13 07:37:56 [main] (Liskart_Login_StepDef.java:52) - Clicked on send otp
[INFO ] 2025-10-13 07:46:20 [main] (Liskart_Login_StepDef.java:40) - Clicked to enter phone number
[INFO ] 2025-10-13 07:46:20 [main] (Liskart_Login_StepDef.java:50) - Phone number entered
[INFO ] 2025-10-13 07:46:20 [main] (Liskart_Login_StepDef.java:52) - Clicked on send otp
[INFO ] 2025-10-13 07:48:43 [main] (Liskart_Login_StepDef.java:40) - Clicked to enter phone number
[INFO ] 2025-10-13 07:48:43 [main] (Liskart_Login_StepDef.java:50) - Phone number entered
[INFO ] 2025-10-13 07:48:43 [main] (Liskart_Login_StepDef.java:52) - Clicked on send otp
[INFO ] 2025-10-13 07:51:07 [main] (Liskart_Login_StepDef.java:40) - Clicked to enter phone number
[INFO ] 2025-10-13 09:07:33 [main] (Liskart_Login_StepDef.java:40) - Clicked to enter phone number
[INFO ] 2025-10-13 09:27:05 [main] (Liskart_Login_StepDef.java:40) - Clicked to enter phone number
[INFO ] 2025-10-13 09:27:05 [main] (Liskart_Login_StepDef.java:50) - Phone number entered
[INFO ] 2025-10-13 09:27:05 [main] (Liskart_Login_StepDef.java:52) - Clicked on send otp
[INFO ] 2025-10-13 10:28:38 [main] (Liskart_Login_StepDef.java:40) - Clicked to enter phone number
[INFO ] 2025-10-13 10:28:38 [main] (Liskart_Login_StepDef.java:50) - Phone number entered
[INFO ] 2025-10-13 10:28:38 [main] (Liskart_Login_StepDef.java:52) - Clicked on send otp
[INFO ] 2025-10-13 10:30:40 [main] (Liskart_Login_StepDef.java:40) - Clicked to enter phone number
[INFO ] 2025-10-13 10:30:40 [main] (Liskart_Login_StepDef.java:50) - Phone number entered
[INFO ] 2025-10-13 10:30:40 [main] (Liskart_Login_StepDef.java:52) - Clicked on send otp
[INFO ] 2025-10-13 10:46:22 [main] (Liskart_Login_StepDef.java:40) - Clicked to enter phone number
[INFO ] 2025-10-13 10:46:22 [main] (Liskart_Login_StepDef.java:50) - Phone number entered
[INFO ] 2025-10-13 10:46:22 [main] (Liskart_Login_StepDef.java:52) - Clicked on send otp
[INFO ] 2025-10-13 10:48:25 [main] (Liskart_Login_StepDef.java:40) - Clicked to enter phone number
[INFO ] 2025-10-13 10:48:25 [main] (Liskart_Login_StepDef.java:50) - Phone number entered
[INFO ] 2025-10-13 10:48:25 [main] (Liskart_Login_StepDef.java:52) - Clicked on send otp
[INFO ] 2025-10-13 10:56:50 [main] (Liskart_Login_StepDef.java:40) - Clicked to enter phone number
[INFO ] 2025-10-13 10:56:51 [main] (Liskart_Login_StepDef.java:50) - Phone number entered
[INFO ] 2025-10-13 10:56:51 [main] (Liskart_Login_StepDef.java:52) - Clicked on send otp
[INFO ] 2025-10-13 11:04:55 [main] (Liskart_Login_StepDef.java:40) - Clicked to enter phone number
[INFO ] 2025-10-13 11:04:55 [main] (Liskart_Login_StepDef.java:50) - Phone number entered
[INFO ] 2025-10-13 11:04:55 [main] (Liskart_Login_StepDef.java:52) - Clicked on send otp
[INFO ] 2025-10-13 11:06:24 [main] (Liskart_Login_StepDef.java:40) - Clicked to enter phone number
[INFO ] 2025-10-13 11:06:25 [main] (Liskart_Login_StepDef.java:50) - Phone number entered
[INFO ] 2025-10-13 11:06:25 [main] (Liskart_Login_StepDef.java:52) - Clicked on send otp
[INFO ] 2025-10-13 13:28:51 [main] (Liskart_Login_StepDef.java:40) - Clicked to enter phone number
[INFO ] 2025-10-13 13:28:51 [main] (Liskart_Login_StepDef.java:50) - Phone number entered
[INFO ] 2025-10-13 13:28:51 [main] (Liskart_Login_StepDef.java:52) - Clicked on send otp
[INFO ] 2025-10-13 13:31:31 [main] (Liskart_Login_StepDef.java:40) - Clicked to enter phone number
[INFO ] 2025-10-13 13:31:31 [main] (Liskart_Login_StepDef.java:50) - Phone number entered
[INFO ] 2025-10-13 13:31:31 [main] (Liskart_Login_StepDef.java:52) - Clicked on send otp
[INFO ] 2025-10-13 13:33:42 [main] (Liskart_Login_StepDef.java:40) - Clicked to enter phone number
[INFO ] 2025-10-13 13:33:42 [main] (Liskart_Login_StepDef.java:50) - Phone number entered
[INFO ] 2025-10-13 13:33:42 [main] (Liskart_Login_StepDef.java:52) - Clicked on send otp
[INFO ] 2025-10-13 13:33:55 [main] (Liskart_Registration_StepDef.java:62) - Enter basic details of LiskartRegistration
[INFO ] 2025-10-13 13:36:20 [main] (Liskart_Login_StepDef.java:40) - Clicked to enter phone number
[INFO ] 2025-10-13 13:36:20 [main] (Liskart_Login_StepDef.java:50) - Phone number entered
[INFO ] 2025-10-13 13:36:20 [main] (Liskart_Login_StepDef.java:52) - Clicked on send otp
[INFO ] 2025-10-13 13:36:38 [main] (Liskart_Registration_StepDef.java:62) - Enter basic details of LiskartRegistration
[INFO ] 2025-10-13 13:45:44 [main] (Liskart_Login_StepDef.java:40) - Clicked to enter phone number
[INFO ] 2025-10-13 13:45:44 [main] (Liskart_Login_StepDef.java:50) - Phone number entered
[INFO ] 2025-10-13 13:45:44 [main] (Liskart_Login_StepDef.java:52) - Clicked on send otp
[INFO ] 2025-10-13 13:46:00 [main] (Liskart_Registration_StepDef.java:62) - Enter basic details of LiskartRegistration
[INFO ] 2025-10-14 07:06:58 [main] (Liskart_Login_StepDef.java:40) - Clicked to enter phone number
[INFO ] 2025-10-14 07:06:58 [main] (Liskart_Login_StepDef.java:50) - Phone number entered
[INFO ] 2025-10-14 07:06:58 [main] (Liskart_Login_StepDef.java:52) - Clicked on send otp
[INFO ] 2025-10-14 07:07:14 [main] (Liskart_Registration_StepDef.java:62) - Enter basic details of LiskartRegistration
[INFO ] 2025-10-14 07:09:57 [main] (Liskart_Login_StepDef.java:40) - Clicked to enter phone number
[INFO ] 2025-10-14 07:09:57 [main] (Liskart_Login_StepDef.java:50) - Phone number entered
[INFO ] 2025-10-14 07:09:57 [main] (Liskart_Login_StepDef.java:52) - Clicked on send otp
[INFO ] 2025-10-14 07:10:13 [main] (Liskart_Registration_StepDef.java:62) - Enter basic details of LiskartRegistration
[INFO ] 2025-10-21 14:24:44 [main] (Liskart_Login_StepDef.java:40) - Clicked to enter phone number
[INFO ] 2025-10-21 14:24:44 [main] (Liskart_Login_StepDef.java:50) - Phone number entered
[INFO ] 2025-10-21 14:24:44 [main] (Liskart_Login_StepDef.java:52) - Clicked on send otp
[INFO ] 2025-10-21 14:25:00 [main] (Liskart_Registration_StepDef.java:62) - Enter basic details of LiskartRegistration
[INFO ] 2025-10-21 14:43:21 [main] (Liskart_Login_StepDef.java:40) - Clicked to enter phone number
[INFO ] 2025-10-21 14:43:21 [main] (Liskart_Login_StepDef.java:50) - Phone number entered
[INFO ] 2025-10-21 14:43:21 [main] (Liskart_Login_StepDef.java:52) - Clicked on send otp
[INFO ] 2025-10-21 14:43:37 [main] (Liskart_Registration_StepDef.java:62) - Enter basic details of LiskartRegistration
[INFO ] 2025-10-21 15:01:02 [main] (Liskart_Login_StepDef.java:40) - Clicked to enter phone number
[INFO ] 2025-10-21 15:01:02 [main] (Liskart_Login_StepDef.java:50) - Phone number entered
[INFO ] 2025-10-21 15:01:02 [main] (Liskart_Login_StepDef.java:52) - Clicked on send otp
[INFO ] 2025-10-21 15:01:16 [main] (Liskart_Registration_StepDef.java:62) - Enter basic details of LiskartRegistration
[INFO ] 2025-10-21 15:02:04 [main] (Liskart_Login_StepDef.java:40) - Clicked to enter phone number
[INFO ] 2025-10-21 15:02:04 [main] (Liskart_Login_StepDef.java:50) - Phone number entered
[INFO ] 2025-10-21 15:02:04 [main] (Liskart_Login_StepDef.java:52) - Clicked on send otp
[INFO ] 2025-10-21 15:02:19 [main] (Liskart_Registration_StepDef.java:62) - Enter basic details of LiskartRegistration
[INFO ] 2025-10-21 15:05:31 [main] (Liskart_Login_StepDef.java:40) - Clicked to enter phone number
[INFO ] 2025-10-21 15:05:31 [main] (Liskart_Login_StepDef.java:50) - Phone number entered
[INFO ] 2025-10-21 15:05:31 [main] (Liskart_Login_StepDef.java:52) - Clicked on send otp
[INFO ] 2025-10-21 15:05:45 [main] (Liskart_Registration_StepDef.java:62) - Enter basic details of LiskartRegistration
[INFO ] 2025-10-21 15:09:04 [main] (Liskart_Login_StepDef.java:40) - Clicked to enter phone number
[INFO ] 2025-10-21 15:09:04 [main] (Liskart_Login_StepDef.java:50) - Phone number entered
[INFO ] 2025-10-21 15:09:04 [main] (Liskart_Login_StepDef.java:52) - Clicked on send otp
[INFO ] 2025-10-21 15:11:07 [main] (Liskart_Login_StepDef.java:40) - Clicked to enter phone number
[INFO ] 2025-10-21 15:11:07 [main] (Liskart_Login_StepDef.java:50) - Phone number entered
[INFO ] 2025-10-21 15:11:07 [main] (Liskart_Login_StepDef.java:52) - Clicked on send otp
[INFO ] 2025-10-21 15:11:21 [main] (Liskart_Registration_StepDef.java:62) - Enter basic details of LiskartRegistration
[INFO ] 2025-10-21 15:12:00 [main] (Liskart_Login_StepDef.java:40) - Clicked to enter phone number
[INFO ] 2025-10-21 15:12:00 [main] (Liskart_Login_StepDef.java:50) - Phone number entered
[INFO ] 2025-10-21 15:12:00 [main] (Liskart_Login_StepDef.java:52) - Clicked on send otp
[INFO ] 2025-10-21 15:12:17 [main] (Liskart_Registration_StepDef.java:62) - Enter basic details of LiskartRegistration
[INFO ] 2025-10-21 15:14:54 [main] (Liskart_Login_StepDef.java:40) - Clicked to enter phone number
[INFO ] 2025-10-21 15:14:54 [main] (Liskart_Login_StepDef.java:50) - Phone number entered
[INFO ] 2025-10-21 15:14:54 [main] (Liskart_Login_StepDef.java:52) - Clicked on send otp
[INFO ] 2025-10-21 15:15:08 [main] (Liskart_Registration_StepDef.java:62) - Enter basic details of LiskartRegistration
[INFO ] 2025-10-22 07:36:55 [main] (Liskart_Login_StepDef.java:40) - Clicked to enter phone number
[INFO ] 2025-10-22 07:36:55 [main] (Liskart_Login_StepDef.java:50) - Phone number entered
[INFO ] 2025-10-22 07:36:55 [main] (Liskart_Login_StepDef.java:52) - Clicked on send otp
[INFO ] 2025-10-22 07:37:09 [main] (Liskart_Registration_StepDef.java:62) - Enter basic details of LiskartRegistration
[INFO ] 2025-10-22 07:40:46 [main] (Liskart_Login_StepDef.java:40) - Clicked to enter phone number
[INFO ] 2025-10-22 07:40:46 [main] (Liskart_Login_StepDef.java:50) - Phone number entered
[INFO ] 2025-10-22 07:40:46 [main] (Liskart_Login_StepDef.java:52) - Clicked on send otp
[INFO ] 2025-10-22 07:46:15 [main] (Liskart_Login_StepDef.java:40) - Clicked to enter phone number
[INFO ] 2025-10-22 07:46:15 [main] (Liskart_Login_StepDef.java:50) - Phone number entered
[INFO ] 2025-10-22 07:46:16 [main] (Liskart_Login_StepDef.java:52) - Clicked on send otp
[INFO ] 2025-10-22 07:47:44 [main] (Liskart_Login_StepDef.java:40) - Clicked to enter phone number
[INFO ] 2025-10-22 07:47:44 [main] (Liskart_Login_StepDef.java:50) - Phone number entered
[INFO ] 2025-10-22 07:47:44 [main] (Liskart_Login_StepDef.java:52) - Clicked on send otp
[INFO ] 2025-10-22 07:54:03 [main] (Liskart_Login_StepDef.java:40) - Clicked to enter phone number
[INFO ] 2025-10-22 07:54:03 [main] (Liskart_Login_StepDef.java:50) - Phone number entered
[INFO ] 2025-10-22 07:54:04 [main] (Liskart_Login_StepDef.java:52) - Clicked on send otp
[INFO ] 2025-10-22 08:02:03 [main] (Liskart_Login_StepDef.java:40) - Clicked to enter phone number
[INFO ] 2025-10-22 08:02:03 [main] (Liskart_Login_StepDef.java:50) - Phone number entered
[INFO ] 2025-10-22 08:02:03 [main] (Liskart_Login_StepDef.java:52) - Clicked on send otp
[INFO ] 2025-10-22 08:02:36 [main] (Liskart_Registration_StepDef.java:64) - Enter basic details of LiskartRegistration
[INFO ] 2025-10-22 08:04:02 [main] (Liskart_Login_StepDef.java:40) - Clicked to enter phone number
[INFO ] 2025-10-22 08:04:03 [main] (Liskart_Login_StepDef.java:50) - Phone number entered
[INFO ] 2025-10-22 08:04:03 [main] (Liskart_Login_StepDef.java:52) - Clicked on send otp
[INFO ] 2025-10-22 08:04:14 [main] (Liskart_Registration_StepDef.java:64) - Enter basic details of LiskartRegistration
[INFO ] 2025-10-22 08:06:32 [main] (Liskart_Login_StepDef.java:40) - Clicked to enter phone number
[INFO ] 2025-10-22 08:06:32 [main] (Liskart_Login_StepDef.java:50) - Phone number entered
[INFO ] 2025-10-22 08:06:32 [main] (Liskart_Login_StepDef.java:52) - Clicked on send otp
[INFO ] 2025-10-22 13:37:26 [main] (Liskart_Login_StepDef.java:39) - Clicked to enter phone number
[INFO ] 2025-10-22 13:37:26 [main] (Liskart_Login_StepDef.java:49) - Phone number entered
[INFO ] 2025-10-22 13:37:27 [main] (Liskart_Login_StepDef.java:51) - Clicked on send otp
[INFO ] 2025-10-22 13:38:49 [main] (Liskart_Login_StepDef.java:39) - Clicked to enter phone number
[INFO ] 2025-10-22 13:38:49 [main] (Liskart_Login_StepDef.java:49) - Phone number entered
[INFO ] 2025-10-22 13:38:49 [main] (Liskart_Login_StepDef.java:51) - Clicked on send otp
[INFO ] 2025-10-22 13:39:01 [main] (Liskart_Registration_StepDef.java:64) - Enter basic details of LiskartRegistration
[INFO ] 2025-10-22 14:28:33 [main] (Liskart_Login_StepDef.java:39) - Clicked to enter phone number
[INFO ] 2025-10-22 14:28:33 [main] (Liskart_Login_StepDef.java:49) - Phone number entered
[INFO ] 2025-10-22 14:28:33 [main] (Liskart_Login_StepDef.java:51) - Clicked on send otp
[INFO ] 2025-10-22 14:28:45 [main] (Liskart_Registration_StepDef.java:64) - Enter basic details of LiskartRegistration
[INFO ] 2025-10-22 15:08:42 [main] (Liskart_Login_StepDef.java:39) - Clicked to enter phone number
[INFO ] 2025-10-22 15:08:42 [main] (Liskart_Login_StepDef.java:49) - Phone number entered
[INFO ] 2025-10-22 15:08:42 [main] (Liskart_Login_StepDef.java:51) - Clicked on send otp
[INFO ] 2025-10-22 15:08:52 [main] (Liskart_Registration_StepDef.java:64) - Enter basic details of LiskartRegistration
[INFO ] 2025-10-22 19:19:05 [main] (Liskart_Login_StepDef.java:39) - Clicked to enter phone number
[INFO ] 2025-10-22 19:19:05 [main] (Liskart_Login_StepDef.java:49) - Phone number entered
[INFO ] 2025-10-22 19:19:05 [main] (Liskart_Login_StepDef.java:51) - Clicked on send otp
[INFO ] 2025-10-22 19:19:16 [main] (Liskart_Registration_StepDef.java:64) - Enter basic details of LiskartRegistration
[INFO ] 2025-10-22 19:21:48 [main] (Liskart_Login_StepDef.java:39) - Clicked to enter phone number
[INFO ] 2025-10-22 19:21:48 [main] (Liskart_Login_StepDef.java:49) - Phone number entered
[INFO ] 2025-10-22 19:21:48 [main] (Liskart_Login_StepDef.java:51) - Clicked on send otp
[INFO ] 2025-10-22 19:21:59 [main] (Liskart_Registration_StepDef.java:64) - Enter basic details of LiskartRegistration
[INFO ] 2025-10-22 19:49:27 [main] (Liskart_Login_StepDef.java:39) - Clicked to enter phone number
[INFO ] 2025-10-22 19:49:27 [main] (Liskart_Login_StepDef.java:49) - Phone number entered
[INFO ] 2025-10-22 19:49:27 [main] (Liskart_Login_StepDef.java:51) - Clicked on send otp
[INFO ] 2025-10-22 19:49:37 [main] (Liskart_Registration_StepDef.java:64) - Enter basic details of LiskartRegistration
[INFO ] 2025-10-22 20:16:04 [main] (Liskart_Login_StepDef.java:39) - Clicked to enter phone number
[INFO ] 2025-10-22 20:16:04 [main] (Liskart_Login_StepDef.java:49) - Phone number entered
[INFO ] 2025-10-22 20:16:04 [main] (Liskart_Login_StepDef.java:51) - Clicked on send otp
[INFO ] 2025-10-22 20:16:14 [main] (Liskart_Registration_StepDef.java:64) - Enter basic details of LiskartRegistration
[INFO ] 2025-10-22 20:16:36 [main] (Liskart_Login_StepDef.java:39) - Clicked to enter phone number
[INFO ] 2025-10-22 20:16:36 [main] (Liskart_Login_StepDef.java:49) - Phone number entered
[INFO ] 2025-10-22 20:16:37 [main] (Liskart_Login_StepDef.java:51) - Clicked on send otp
[INFO ] 2025-10-22 20:18:16 [main] (Liskart_Login_StepDef.java:39) - Clicked to enter phone number
[INFO ] 2025-10-22 20:18:16 [main] (Liskart_Login_StepDef.java:49) - Phone number entered
[INFO ] 2025-10-22 20:18:16 [main] (Liskart_Login_StepDef.java:51) - Clicked on send otp
[INFO ] 2025-10-22 20:18:28 [main] (Liskart_Registration_StepDef.java:64) - Enter basic details of LiskartRegistration
[INFO ] 2025-10-23 08:54:10 [main] (Liskart_Login_StepDef.java:39) - Clicked to enter phone number
[INFO ] 2025-10-23 08:54:10 [main] (Liskart_Login_StepDef.java:49) - Phone number entered
[INFO ] 2025-10-23 08:54:10 [main] (Liskart_Login_StepDef.java:51) - Clicked on send otp
[INFO ] 2025-10-23 13:11:50 [main] (Liskart_Login_StepDef.java:39) - Clicked to enter phone number
[INFO ] 2025-10-23 13:11:50 [main] (Liskart_Login_StepDef.java:49) - Phone number entered
[INFO ] 2025-10-23 13:11:50 [main] (Liskart_Login_StepDef.java:51) - Clicked on send otp
[INFO ] 2025-10-23 13:12:01 [main] (Liskart_Registration_StepDef.java:64) - Enter basic details of LiskartRegistration
[INFO ] 2025-10-23 13:17:55 [main] (Liskart_Login_StepDef.java:39) - Clicked to enter phone number
[INFO ] 2025-10-23 13:17:56 [main] (Liskart_Login_StepDef.java:49) - Phone number entered
[INFO ] 2025-10-23 13:17:56 [main] (Liskart_Login_StepDef.java:51) - Clicked on send otp
[INFO ] 2025-10-23 13:18:05 [main] (Liskart_Registration_StepDef.java:64) - Enter basic details of LiskartRegistration
[INFO ] 2025-10-24 20:40:03 [main] (Liskart_Login_StepDef.java:39) - Clicked to enter phone number
[INFO ] 2025-10-24 20:40:03 [main] (Liskart_Login_StepDef.java:49) - Phone number entered
[INFO ] 2025-10-24 20:40:03 [main] (Liskart_Login_StepDef.java:51) - Clicked on send otp
[INFO ] 2025-10-24 20:40:14 [main] (Liskart_Registration_StepDef.java:64) - Enter basic details of LiskartRegistration
[INFO ] 2025-10-24 21:13:02 [main] (Liskart_Login_StepDef.java:36) - Clicked to enter phone number
[INFO ] 2025-10-24 21:13:06 [main] (Liskart_Login_StepDef.java:57) - Phone number entered
[INFO ] 2025-10-24 21:13:06 [main] (Liskart_Login_StepDef.java:59) - Clicked on send otp
[INFO ] 2025-10-24 21:15:28 [main] (Liskart_Login_StepDef.java:36) - Clicked to enter phone number
[INFO ] 2025-10-24 21:15:32 [main] (Liskart_Login_StepDef.java:57) - Phone number entered
[INFO ] 2025-10-24 21:15:32 [main] (Liskart_Login_StepDef.java:59) - Clicked on send otp
[INFO ] 2025-10-24 21:15:34 [main] (Liskart_Login_StepDef.java:62) - OTP Entered
[INFO ] 2025-10-24 21:15:34 [main] (Liskart_Login_StepDef.java:57) - Phone number entered
[INFO ] 2025-10-24 21:17:41 [main] (Liskart_Login_StepDef.java:36) - Clicked to enter phone number
[INFO ] 2025-10-24 21:17:45 [main] (Liskart_Login_StepDef.java:57) - Phone number entered
[INFO ] 2025-10-24 21:17:45 [main] (Liskart_Login_StepDef.java:59) - Clicked on send otp
[INFO ] 2025-10-24 21:17:47 [main] (Liskart_Login_StepDef.java:62) - OTP Entered
[INFO ] 2025-10-24 21:17:47 [main] (Liskart_Login_StepDef.java:65) - Login Button Clicked
[INFO ] 2025-10-24 21:17:47 [main] (Liskart_Login_StepDef.java:57) - Phone number entered
[INFO ] 2025-10-24 21:24:22 [main] (Liskart_Login_StepDef.java:36) - Clicked to enter phone number
[INFO ] 2025-10-24 21:24:27 [main] (Liskart_Login_StepDef.java:57) - Phone number entered
[INFO ] 2025-10-24 21:24:27 [main] (Liskart_Login_StepDef.java:59) - Clicked on send otp
[INFO ] 2025-10-24 21:24:28 [main] (Liskart_Login_StepDef.java:62) - OTP Entered
[INFO ] 2025-10-24 21:24:29 [main] (Liskart_Login_StepDef.java:65) - Login Button Clicked
[INFO ] 2025-10-24 21:24:29 [main] (Liskart_Login_StepDef.java:57) - Phone number entered
[INFO ] 2025-10-24 21:30:36 [main] (Liskart_Login_StepDef.java:36) - Clicked to enter phone number
[INFO ] 2025-10-24 21:30:40 [main] (Liskart_Login_StepDef.java:57) - Phone number entered
[INFO ] 2025-10-24 21:30:40 [main] (Liskart_Login_StepDef.java:59) - Clicked on send otp
[INFO ] 2025-10-24 21:30:41 [main] (Liskart_Login_StepDef.java:62) - OTP Entered
[INFO ] 2025-10-24 21:30:42 [main] (Liskart_Login_StepDef.java:65) - Login Button Clicked
[INFO ] 2025-10-24 21:30:42 [main] (Liskart_Login_StepDef.java:57) - Phone number entered
[INFO ] 2025-10-24 21:32:14 [main] (Liskart_Login_StepDef.java:36) - Clicked to enter phone number
[INFO ] 2025-10-24 21:32:19 [main] (Liskart_Login_StepDef.java:57) - Phone number entered
[INFO ] 2025-10-24 21:32:19 [main] (Liskart_Login_StepDef.java:59) - Clicked on send otp
[INFO ] 2025-10-24 21:32:20 [main] (Liskart_Login_StepDef.java:62) - OTP Entered
[INFO ] 2025-10-24 21:32:20 [main] (Liskart_Login_StepDef.java:65) - Login Button Clicked
[INFO ] 2025-10-24 21:32:20 [main] (Liskart_Login_StepDef.java:57) - Phone number entered
[INFO ] 2025-10-24 21:32:31 [main] (Liskart_Registration_StepDef.java:62) - Enter basic details of LiskartRegistration
[INFO ] 2025-10-24 21:33:22 [main] (Liskart_Login_StepDef.java:36) - Clicked to enter phone number
[INFO ] 2025-10-24 21:33:26 [main] (Liskart_Login_StepDef.java:57) - Phone number entered
[INFO ] 2025-10-24 21:33:26 [main] (Liskart_Login_StepDef.java:59) - Clicked on send otp
[INFO ] 2025-10-24 21:33:28 [main] (Liskart_Login_StepDef.java:62) - OTP Entered
[INFO ] 2025-10-24 21:33:28 [main] (Liskart_Login_StepDef.java:65) - Login Button Clicked
[INFO ] 2025-10-24 21:33:28 [main] (Liskart_Login_StepDef.java:57) - Phone number entered
[INFO ] 2025-10-24 21:33:39 [main] (Liskart_Registration_StepDef.java:62) - Enter basic details of LiskartRegistration
[INFO ] 2025-10-24 21:36:20 [main] (Liskart_Login_StepDef.java:36) - Clicked to enter phone number
[INFO ] 2025-10-24 21:36:25 [main] (Liskart_Login_StepDef.java:57) - Phone number entered
[INFO ] 2025-10-24 21:36:25 [main] (Liskart_Login_StepDef.java:59) - Clicked on send otp
[INFO ] 2025-10-24 21:36:26 [main] (Liskart_Login_StepDef.java:62) - OTP Entered
[INFO ] 2025-10-24 21:36:27 [main] (Liskart_Login_StepDef.java:65) - Login Button Clicked
[INFO ] 2025-10-24 21:36:27 [main] (Liskart_Login_StepDef.java:57) - Phone number entered
[INFO ] 2025-10-24 21:39:22 [main] (Liskart_Login_StepDef.java:36) - Clicked to enter phone number
[INFO ] 2025-10-24 21:39:27 [main] (Liskart_Login_StepDef.java:57) - Phone number entered
[INFO ] 2025-10-24 21:39:27 [main] (Liskart_Login_StepDef.java:59) - Clicked on send otp
[INFO ] 2025-10-24 21:39:28 [main] (Liskart_Login_StepDef.java:62) - OTP Entered
[INFO ] 2025-10-24 21:39:28 [main] (Liskart_Login_StepDef.java:65) - Login Button Clicked
[INFO ] 2025-10-24 21:39:28 [main] (Liskart_Login_StepDef.java:57) - Phone number entered
[INFO ] 2025-10-24 21:39:40 [main] (Liskart_Registration_StepDef.java:62) - Enter basic details of LiskartRegistration
[INFO ] 2025-10-24 21:41:02 [main] (Liskart_Login_StepDef.java:36) - Clicked to enter phone number
[INFO ] 2025-10-24 21:41:07 [main] (Liskart_Login_StepDef.java:57) - Phone number entered
[INFO ] 2025-10-24 21:41:07 [main] (Liskart_Login_StepDef.java:59) - Clicked on send otp
[INFO ] 2025-10-24 21:41:08 [main] (Liskart_Login_StepDef.java:62) - OTP Entered
[INFO ] 2025-10-24 21:41:09 [main] (Liskart_Login_StepDef.java:65) - Login Button Clicked
[INFO ] 2025-10-24 21:41:09 [main] (Liskart_Login_StepDef.java:57) - Phone number entered
[INFO ] 2025-10-24 21:41:21 [main] (Liskart_Registration_StepDef.java:62) - Enter basic details of LiskartRegistration
[INFO ] 2025-10-24 21:42:05 [main] (Liskart_Login_StepDef.java:36) - Clicked to enter phone number
[INFO ] 2025-10-24 21:42:10 [main] (Liskart_Login_StepDef.java:57) - Phone number entered
[INFO ] 2025-10-24 21:42:11 [main] (Liskart_Login_StepDef.java:59) - Clicked on send otp
[INFO ] 2025-10-24 21:42:12 [main] (Liskart_Login_StepDef.java:62) - OTP Entered
[INFO ] 2025-10-24 21:42:12 [main] (Liskart_Login_StepDef.java:65) - Login Button Clicked
[INFO ] 2025-10-24 21:42:12 [main] (Liskart_Login_StepDef.java:57) - Phone number entered
[INFO ] 2025-10-24 21:42:26 [main] (Liskart_Registration_StepDef.java:62) - Enter basic details of LiskartRegistration
[INFO ] 2025-10-24 21:49:20 [main] (Liskart_Login_StepDef.java:36) - Clicked to enter phone number
[INFO ] 2025-10-24 21:49:26 [main] (Liskart_Login_StepDef.java:57) - Phone number entered
[INFO ] 2025-10-24 21:49:26 [main] (Liskart_Login_StepDef.java:59) - Clicked on send otp
[INFO ] 2025-10-24 21:49:27 [main] (Liskart_Login_StepDef.java:62) - OTP Entered
[INFO ] 2025-10-24 21:49:28 [main] (Liskart_Login_StepDef.java:65) - Login Button Clicked
[INFO ] 2025-10-24 21:49:28 [main] (Liskart_Login_StepDef.java:57) - Phone number entered
[INFO ] 2025-10-24 21:49:41 [main] (Liskart_Registration_StepDef.java:63) - Enter basic details of LiskartRegistration
[INFO ] 2025-10-24 21:50:52 [main] (Liskart_Login_StepDef.java:36) - Clicked to enter phone number
[INFO ] 2025-10-24 21:50:58 [main] (Liskart_Login_StepDef.java:57) - Phone number entered
[INFO ] 2025-10-24 21:50:58 [main] (Liskart_Login_StepDef.java:59) - Clicked on send otp
[INFO ] 2025-10-24 21:50:59 [main] (Liskart_Login_StepDef.java:62) - OTP Entered
[INFO ] 2025-10-24 21:51:00 [main] (Liskart_Login_StepDef.java:65) - Login Button Clicked
[INFO ] 2025-10-24 21:51:00 [main] (Liskart_Login_StepDef.java:57) - Phone number entered
[INFO ] 2025-10-24 21:51:11 [main] (Liskart_Registration_StepDef.java:63) - Enter basic details of LiskartRegistration
[INFO ] 2025-10-24 21:52:39 [main] (Liskart_Login_StepDef.java:36) - Clicked to enter phone number
[INFO ] 2025-10-24 21:52:50 [main] (Liskart_Login_StepDef.java:57) - Phone number entered
[INFO ] 2025-10-24 21:52:50 [main] (Liskart_Login_StepDef.java:59) - Clicked on send otp
[INFO ] 2025-10-24 21:52:52 [main] (Liskart_Login_StepDef.java:62) - OTP Entered
[INFO ] 2025-10-24 21:52:52 [main] (Liskart_Login_StepDef.java:65) - Login Button Clicked
[INFO ] 2025-10-24 21:52:52 [main] (Liskart_Login_StepDef.java:57) - Phone number entered
[INFO ] 2025-10-24 21:53:10 [main] (Liskart_Registration_StepDef.java:63) - Enter basic details of LiskartRegistration
[INFO ] 2025-10-24 21:56:09 [main] (Liskart_Registration_StepDef.java:63) - Enter basic details of LiskartRegistration
[INFO ] 2025-10-24 21:58:50 [main] (Liskart_Login_StepDef.java:36) - Clicked to enter phone number
[INFO ] 2025-10-24 21:59:00 [main] (Liskart_Login_StepDef.java:57) - Phone number entered
[INFO ] 2025-10-24 21:59:00 [main] (Liskart_Login_StepDef.java:59) - Clicked on send otp
[INFO ] 2025-10-24 21:59:16 [main] (Liskart_Registration_StepDef.java:63) - Enter basic details of LiskartRegistration
[INFO ] 2025-10-24 22:17:40 [main] (Liskart_Login_StepDef.java:36) - Clicked to enter phone number
[INFO ] 2025-10-24 22:17:44 [main] (Liskart_Login_StepDef.java:57) - Phone number entered
[INFO ] 2025-10-24 22:17:44 [main] (Liskart_Login_StepDef.java:59) - Clicked on send otp
[INFO ] 2025-10-24 22:17:45 [main] (Liskart_Login_StepDef.java:62) - OTP Entered
[INFO ] 2025-10-24 22:17:45 [main] (Liskart_Login_StepDef.java:65) - Login Button Clicked
[INFO ] 2025-10-24 22:17:45 [main] (Liskart_Login_StepDef.java:57) - Phone number entered
[INFO ] 2025-10-24 22:17:57 [main] (Liskart_Registration_StepDef.java:63) - Enter basic details of LiskartRegistration
[INFO ] 2025-10-24 22:31:02 [main] (Liskart_Login_StepDef.java:36) - Clicked to enter phone number
[INFO ] 2025-10-24 22:31:08 [main] (Liskart_Login_StepDef.java:57) - Phone number entered
[INFO ] 2025-10-24 22:31:08 [main] (Liskart_Login_StepDef.java:59) - Clicked on send otp
[INFO ] 2025-10-24 22:31:09 [main] (Liskart_Login_StepDef.java:62) - OTP Entered
[INFO ] 2025-10-24 22:31:10 [main] (Liskart_Login_StepDef.java:65) - Login Button Clicked
[INFO ] 2025-10-24 22:31:10 [main] (Liskart_Login_StepDef.java:57) - Phone number entered
[INFO ] 2025-10-25 14:36:09 [main] (Liskart_Registration_StepDef.java:63) - Enter basic details of LiskartRegistration
[INFO ] 2025-10-25 14:39:02 [main] (Liskart_Login_StepDef.java:36) - Clicked to enter phone number
[INFO ] 2025-10-25 14:39:06 [main] (Liskart_Login_StepDef.java:57) - Phone number entered
[INFO ] 2025-10-25 14:39:06 [main] (Liskart_Login_StepDef.java:59) - Clicked on send otp
[INFO ] 2025-10-25 14:39:07 [main] (Liskart_Login_StepDef.java:62) - OTP Entered
[INFO ] 2025-10-25 14:39:08 [main] (Liskart_Login_StepDef.java:65) - Login Button Clicked
[INFO ] 2025-10-25 14:39:08 [main] (Liskart_Login_StepDef.java:57) - Phone number entered
[INFO ] 2025-10-25 14:39:20 [main] (Liskart_Registration_StepDef.java:63) - Enter basic details of LiskartRegistration
[INFO ] 2025-10-25 14:44:53 [main] (Liskart_Login_StepDef.java:36) - Clicked to enter phone number
[INFO ] 2025-10-25 14:44:57 [main] (Liskart_Login_StepDef.java:57) - Phone number entered
[INFO ] 2025-10-25 14:44:57 [main] (Liskart_Login_StepDef.java:59) - Clicked on send otp
[INFO ] 2025-10-25 14:44:58 [main] (Liskart_Login_StepDef.java:62) - OTP Entered
[INFO ] 2025-10-25 14:44:59 [main] (Liskart_Login_StepDef.java:65) - Login Button Clicked
[INFO ] 2025-10-25 14:44:59 [main] (Liskart_Login_StepDef.java:57) - Phone number entered
[INFO ] 2025-10-25 14:45:11 [main] (Liskart_Registration_StepDef.java:63) - Enter basic details of LiskartRegistration
[INFO ] 2025-10-25 14:55:31 [main] (Liskart_Login_StepDef.java:36) - Clicked to enter phone number
[INFO ] 2025-10-25 14:55:35 [main] (Liskart_Login_StepDef.java:57) - Phone number entered
[INFO ] 2025-10-25 14:55:36 [main] (Liskart_Login_StepDef.java:59) - Clicked on send otp
[INFO ] 2025-10-25 14:55:37 [main] (Liskart_Login_StepDef.java:62) - OTP Entered
[INFO ] 2025-10-25 14:55:37 [main] (Liskart_Login_StepDef.java:65) - Login Button Clicked
[INFO ] 2025-10-25 14:55:37 [main] (Liskart_Login_StepDef.java:57) - Phone number entered
[INFO ] 2025-10-25 14:55:48 [main] (Liskart_Registration_StepDef.java:63) - Enter basic details of LiskartRegistration
[INFO ] 2025-10-25 14:57:36 [main] (Liskart_Login_StepDef.java:36) - Clicked to enter phone number
[INFO ] 2025-10-25 14:57:40 [main] (Liskart_Login_StepDef.java:57) - Phone number entered
[INFO ] 2025-10-25 14:57:40 [main] (Liskart_Login_StepDef.java:59) - Clicked on send otp
[INFO ] 2025-10-25 14:57:41 [main] (Liskart_Login_StepDef.java:62) - OTP Entered
[INFO ] 2025-10-25 14:57:42 [main] (Liskart_Login_StepDef.java:65) - Login Button Clicked
[INFO ] 2025-10-25 14:57:42 [main] (Liskart_Login_StepDef.java:57) - Phone number entered
[INFO ] 2025-10-25 14:57:53 [main] (Liskart_Registration_StepDef.java:63) - Enter basic details of LiskartRegistration
[INFO ] 2025-10-25 15:05:01 [main] (Liskart_Login_StepDef.java:36) - Clicked to enter phone number
[INFO ] 2025-10-25 15:05:06 [main] (Liskart_Login_StepDef.java:57) - Phone number entered
[INFO ] 2025-10-25 15:05:06 [main] (Liskart_Login_StepDef.java:59) - Clicked on send otp
[INFO ] 2025-10-25 15:05:19 [main] (Liskart_Registration_StepDef.java:63) - Enter basic details of LiskartRegistration
[INFO ] 2025-10-25 15:07:20 [main] (Liskart_Login_StepDef.java:36) - Clicked to enter phone number
[INFO ] 2025-10-25 15:07:25 [main] (Liskart_Login_StepDef.java:57) - Phone number entered
[INFO ] 2025-10-25 15:07:25 [main] (Liskart_Login_StepDef.java:59) - Clicked on send otp
[INFO ] 2025-10-25 15:07:27 [main] (Liskart_Login_StepDef.java:62) - OTP Entered
[INFO ] 2025-10-25 15:07:27 [main] (Liskart_Login_StepDef.java:65) - Login Button Clicked
[INFO ] 2025-10-25 15:07:27 [main] (Liskart_Login_StepDef.java:57) - Phone number entered
[INFO ] 2025-10-25 15:07:39 [main] (Liskart_Registration_StepDef.java:63) - Enter basic details of LiskartRegistration
[INFO ] 2025-10-25 15:13:18 [main] (Liskart_Login_StepDef.java:36) - Clicked to enter phone number
[INFO ] 2025-10-25 15:13:22 [main] (Liskart_Login_StepDef.java:57) - Phone number entered
[INFO ] 2025-10-25 15:13:22 [main] (Liskart_Login_StepDef.java:59) - Clicked on send otp
[INFO ] 2025-10-25 15:13:23 [main] (Liskart_Login_StepDef.java:62) - OTP Entered
[INFO ] 2025-10-25 15:13:24 [main] (Liskart_Login_StepDef.java:65) - Login Button Clicked
[INFO ] 2025-10-25 15:13:24 [main] (Liskart_Login_StepDef.java:57) - Phone number entered
[INFO ] 2025-10-25 15:13:35 [main] (Liskart_Registration_StepDef.java:63) - Enter basic details of LiskartRegistration
[INFO ] 2025-10-25 15:16:18 [main] (Liskart_Login_StepDef.java:36) - Clicked to enter phone number
[INFO ] 2025-10-25 15:16:23 [main] (Liskart_Login_StepDef.java:57) - Phone number entered
[INFO ] 2025-10-25 15:16:23 [main] (Liskart_Login_StepDef.java:59) - Clicked on send otp
[INFO ] 2025-10-25 15:16:24 [main] (Liskart_Login_StepDef.java:62) - OTP Entered
[INFO ] 2025-10-25 15:16:25 [main] (Liskart_Login_StepDef.java:65) - Login Button Clicked
[INFO ] 2025-10-25 15:16:25 [main] (Liskart_Login_StepDef.java:57) - Phone number entered
[INFO ] 2025-10-25 15:18:22 [main] (Liskart_Login_StepDef.java:36) - Clicked to enter phone number
[INFO ] 2025-10-25 15:18:27 [main] (Liskart_Login_StepDef.java:57) - Phone number entered
[INFO ] 2025-10-25 15:18:27 [main] (Liskart_Login_StepDef.java:59) - Clicked on send otp
[INFO ] 2025-10-25 15:18:28 [main] (Liskart_Login_StepDef.java:62) - OTP Entered
[INFO ] 2025-10-25 15:18:28 [main] (Liskart_Login_StepDef.java:65) - Login Button Clicked
[INFO ] 2025-10-25 15:18:28 [main] (Liskart_Login_StepDef.java:57) - Phone number entered
[INFO ] 2025-10-25 15:18:40 [main] (Liskart_Registration_StepDef.java:63) - Enter basic details of LiskartRegistration
[INFO ] 2025-10-28 10:03:15 [main] (Liskart_Login_StepDef.java:36) - Clicked to enter phone number
[INFO ] 2025-10-28 10:03:19 [main] (Liskart_Login_StepDef.java:57) - Phone number entered
[INFO ] 2025-10-28 10:03:19 [main] (Liskart_Login_StepDef.java:59) - Clicked on send otp
[INFO ] 2025-10-28 10:03:21 [main] (Liskart_Login_StepDef.java:62) - OTP Entered
[INFO ] 2025-10-28 10:03:21 [main] (Liskart_Login_StepDef.java:65) - Login Button Clicked
[INFO ] 2025-10-28 10:03:21 [main] (Liskart_Login_StepDef.java:57) - Phone number entered
[INFO ] 2025-10-28 10:03:33 [main] (Liskart_Registration_StepDef.java:63) - Enter basic details of LiskartRegistration
[INFO ] 2025-10-28 10:41:15 [main] (Liskart_Registration_StepDef.java:63) - Enter basic details of LiskartRegistration
[INFO ] 2025-10-28 12:07:13 [main] (Liskart_Login_StepDef.java:36) - Clicked to enter phone number
[INFO ] 2025-10-28 12:07:20 [main] (Liskart_Login_StepDef.java:57) - Phone number entered
[INFO ] 2025-10-28 12:07:20 [main] (Liskart_Login_StepDef.java:59) - Clicked on send otp
[INFO ] 2025-10-28 12:07:21 [main] (Liskart_Login_StepDef.java:62) - OTP Entered
[INFO ] 2025-10-28 12:07:21 [main] (Liskart_Login_StepDef.java:65) - Login Button Clicked
[INFO ] 2025-10-28 12:07:21 [main] (Liskart_Login_StepDef.java:57) - Phone number entered
[INFO ] 2025-10-28 12:08:53 [main] (Liskart_Login_StepDef.java:36) - Clicked to enter phone number
[INFO ] 2025-10-28 12:10:41 [main] (Liskart_Login_StepDef.java:36) - Clicked to enter phone number
[INFO ] 2025-10-28 12:10:48 [main] (Liskart_Login_StepDef.java:57) - Phone number entered
[INFO ] 2025-10-28 12:10:48 [main] (Liskart_Login_StepDef.java:59) - Clicked on send otp
[INFO ] 2025-10-28 12:10:49 [main] (Liskart_Login_StepDef.java:62) - OTP Entered
[INFO ] 2025-10-28 12:10:49 [main] (Liskart_Login_StepDef.java:65) - Login Button Clicked
[INFO ] 2025-10-28 12:10:49 [main] (Liskart_Login_StepDef.java:57) - Phone number entered
[INFO ] 2025-10-28 12:13:25 [main] (Liskart_Registration_StepDef.java:63) - Enter basic details of LiskartRegistration
[INFO ] 2025-10-28 12:19:31 [main] (Liskart_Login_StepDef.java:36) - Clicked to enter phone number
[INFO ] 2025-10-28 12:19:36 [main] (Liskart_Login_StepDef.java:57) - Phone number entered
[INFO ] 2025-10-28 12:19:36 [main] (Liskart_Login_StepDef.java:59) - Clicked on send otp
[INFO ] 2025-10-28 12:19:37 [main] (Liskart_Login_StepDef.java:62) - OTP Entered
[INFO ] 2025-10-28 12:19:37 [main] (Liskart_Login_StepDef.java:65) - Login Button Clicked
[INFO ] 2025-10-28 12:19:37 [main] (Liskart_Login_StepDef.java:57) - Phone number entered
[INFO ] 2025-10-28 12:19:49 [main] (Liskart_Registration_StepDef.java:63) - Enter basic details of LiskartRegistration
[INFO ] 2025-10-28 13:33:35 [main] (Liskart_Login_StepDef.java:36) - Clicked to enter phone number
[INFO ] 2025-10-28 13:33:39 [main] (Liskart_Login_StepDef.java:57) - Phone number entered
[INFO ] 2025-10-28 13:33:39 [main] (Liskart_Login_StepDef.java:59) - Clicked on send otp
[INFO ] 2025-10-28 13:33:40 [main] (Liskart_Login_StepDef.java:62) - OTP Entered
[INFO ] 2025-10-28 13:33:41 [main] (Liskart_Login_StepDef.java:65) - Login Button Clicked
[INFO ] 2025-10-28 13:33:41 [main] (Liskart_Login_StepDef.java:57) - Phone number entered
[INFO ] 2025-10-28 13:35:33 [main] (Liskart_Login_StepDef.java:36) - Clicked to enter phone number
[INFO ] 2025-10-28 13:35:37 [main] (Liskart_Login_StepDef.java:57) - Phone number entered
[INFO ] 2025-10-28 13:35:37 [main] (Liskart_Login_StepDef.java:59) - Clicked on send otp
[INFO ] 2025-10-28 13:35:38 [main] (Liskart_Login_StepDef.java:62) - OTP Entered
[INFO ] 2025-10-28 13:35:38 [main] (Liskart_Login_StepDef.java:65) - Login Button Clicked
[INFO ] 2025-10-28 13:35:38 [main] (Liskart_Login_StepDef.java:57) - Phone number entered
[INFO ] 2025-10-28 13:54:13 [main] (Liskart_Seller_Registration_StepDef.java:51) - Enter basic details of LiskartRegistration
[INFO ] 2025-10-28 13:59:28 [main] (Liskart_Login_StepDef.java:36) - Clicked to enter phone number
[INFO ] 2025-10-28 13:59:32 [main] (Liskart_Login_StepDef.java:57) - Phone number entered
[INFO ] 2025-10-28 13:59:32 [main] (Liskart_Login_StepDef.java:59) - Clicked on send otp
[INFO ] 2025-10-28 13:59:34 [main] (Liskart_Login_StepDef.java:62) - OTP Entered
[INFO ] 2025-10-28 13:59:34 [main] (Liskart_Login_StepDef.java:65) - Login Button Clicked
[INFO ] 2025-10-28 13:59:34 [main] (Liskart_Login_StepDef.java:57) - Phone number entered
[INFO ] 2025-10-28 13:59:45 [main] (Liskart_Registration_StepDef.java:63) - Enter basic details of LiskartRegistration
[INFO ] 2025-10-28 13:59:53 [main] (Liskart_Seller_Registration_StepDef.java:51) - Enter basic details of LiskartRegistration
[INFO ] 2025-10-29 06:45:29 [main] (Liskart_Registration_StepDef.java:63) - Enter basic details of LiskartRegistration
[INFO ] 2025-10-29 06:46:34 [main] (Liskart_Login_StepDef.java:36) - Clicked to enter phone number
[INFO ] 2025-10-29 06:46:39 [main] (Liskart_Login_StepDef.java:57) - Phone number entered
[INFO ] 2025-10-29 06:46:40 [main] (Liskart_Login_StepDef.java:59) - Clicked on send otp
[INFO ] 2025-10-29 06:46:41 [main] (Liskart_Login_StepDef.java:62) - OTP Entered
[INFO ] 2025-10-29 06:46:41 [main] (Liskart_Login_StepDef.java:65) - Login Button Clicked
[INFO ] 2025-10-29 06:46:41 [main] (Liskart_Login_StepDef.java:57) - Phone number entered
[INFO ] 2025-10-29 06:52:30 [main] (Liskart_Seller_Registration_StepDef.java:52) - Enter basic details of LiskartRegistration
[INFO ] 2025-10-29 06:55:49 [main] (Liskart_Seller_Registration_StepDef.java:52) - Enter basic details of LiskartRegistration
[INFO ] 2025-10-29 06:58:31 [main] (Liskart_Seller_Registration_StepDef.java:52) - Enter basic details of LiskartRegistration
[INFO ] 2025-10-29 07:07:15 [main] (Liskart_Seller_Registration_StepDef.java:52) - Enter basic details of LiskartRegistration
[INFO ] 2025-10-29 07:09:37 [main] (Liskart_Seller_Registration_StepDef.java:52) - Enter basic details of LiskartRegistration
[INFO ] 2025-10-29 07:10:59 [main] (Liskart_Seller_Registration_StepDef.java:52) - Enter basic details of LiskartRegistration
[INFO ] 2025-10-29 07:26:26 [main] (Liskart_Registration_StepDef.java:66) - Enter basic details of LiskartRegistration
[INFO ] 2025-10-29 07:30:00 [main] (Liskart_Seller_Registration_StepDef.java:55) - Enter basic details of LiskartRegistration
[INFO ] 2025-10-29 07:32:37 [main] (Liskart_Seller_Registration_StepDef.java:55) - Enter basic details of LiskartRegistration
[INFO ] 2025-10-29 07:35:15 [main] (Liskart_Seller_Registration_StepDef.java:55) - Enter basic details of LiskartRegistration
[INFO ] 2025-10-29 07:38:24 [main] (Liskart_Seller_Registration_StepDef.java:55) - Enter basic details of LiskartRegistration
[INFO ] 2025-10-29 07:44:42 [main] (Liskart_Registration_StepDef.java:66) - Enter basic details of LiskartRegistration
[INFO ] 2025-10-29 07:45:23 [main] (Liskart_Seller_Registration_StepDef.java:55) - Enter basic details of LiskartRegistration
[INFO ] 2025-10-29 07:46:39 [main] (Liskart_Seller_Registration_StepDef.java:55) - Enter basic details of LiskartRegistration
[INFO ] 2025-10-29 07:48:25 [main] (Liskart_Seller_Registration_StepDef.java:55) - Enter basic details of LiskartRegistration
[INFO ] 2025-10-29 07:56:12 [main] (Liskart_Seller_Registration_StepDef.java:57) - Enter basic details of LiskartRegistration
[INFO ] 2025-10-29 07:57:30 [main] (Liskart_Seller_Registration_StepDef.java:57) - Enter basic details of LiskartRegistration
[INFO ] 2025-10-29 07:59:54 [main] (Liskart_Seller_Registration_StepDef.java:57) - Enter basic details of LiskartRegistration
[INFO ] 2025-10-29 08:03:01 [main] (Liskart_Seller_Registration_StepDef.java:61) - Enter basic details of LiskartRegistration
[INFO ] 2025-10-29 08:04:14 [main] (Liskart_Seller_Registration_StepDef.java:61) - Enter basic details of LiskartRegistration
[INFO ] 2025-10-29 08:08:59 [main] (Liskart_Seller_Registration_StepDef.java:61) - Enter basic details of LiskartRegistration
[INFO ] 2025-10-29 08:12:01 [main] (Liskart_Seller_Registration_StepDef.java:61) - Enter basic details of LiskartRegistration
[INFO ] 2025-10-29 08:12:56 [main] (Liskart_Seller_Registration_StepDef.java:61) - Enter basic details of LiskartRegistration
[INFO ] 2025-10-29 09:42:44 [main] (Liskart_Registration_StepDef.java:66) - Enter basic details of LiskartRegistration
[INFO ] 2025-10-29 09:45:57 [main] (Liskart_Registration_StepDef.java:66) - Enter basic details of LiskartRegistration
[INFO ] 2025-10-29 09:49:00 [main] (Liskart_Registration_StepDef.java:66) - Enter basic details of LiskartRegistration
[INFO ] 2025-10-29 09:53:07 [main] (Liskart_Registration_StepDef.java:66) - Enter basic details of LiskartRegistration
[INFO ] 2025-10-29 09:56:24 [main] (Liskart_Registration_StepDef.java:66) - Enter basic details of LiskartRegistration
[INFO ] 2025-10-29 09:58:10 [main] (Liskart_Registration_StepDef.java:66) - Enter basic details of LiskartRegistration
[INFO ] 2025-10-29 09:59:17 [main] (Liskart_Registration_StepDef.java:66) - Enter basic details of LiskartRegistration
[INFO ] 2025-10-29 10:00:05 [main] (Liskart_Registration_StepDef.java:66) - Enter basic details of LiskartRegistration
[INFO ] 2025-10-29 10:02:09 [main] (Liskart_Registration_StepDef.java:66) - Enter basic details of LiskartRegistration
[INFO ] 2025-10-29 10:03:30 [main] (Liskart_Registration_StepDef.java:66) - Enter basic details of LiskartRegistration
[INFO ] 2025-10-29 10:04:20 [main] (Liskart_Registration_StepDef.java:66) - Enter basic details of LiskartRegistration
[INFO ] 2025-10-29 10:08:28 [main] (Liskart_Registration_StepDef.java:66) - Enter basic details of LiskartRegistration
[INFO ] 2025-10-29 10:09:50 [main] (Liskart_Registration_StepDef.java:66) - Enter basic details of LiskartRegistration
[INFO ] 2025-10-29 10:13:57 [main] (Liskart_Login_StepDef.java:39) - Clicked to enter phone number
[INFO ] 2025-10-29 10:14:03 [main] (Liskart_Login_StepDef.java:60) - Phone number entered
[INFO ] 2025-10-29 10:14:45 [main] (Liskart_Login_StepDef.java:39) - Clicked to enter phone number
[INFO ] 2025-10-29 10:14:52 [main] (Liskart_Login_StepDef.java:60) - Phone number entered
[INFO ] 2025-10-29 10:14:52 [main] (Liskart_Login_StepDef.java:62) - Clicked on send otp
[INFO ] 2025-10-29 10:14:53 [main] (Liskart_Login_StepDef.java:65) - OTP Entered
[INFO ] 2025-10-29 10:14:54 [main] (Liskart_Login_StepDef.java:68) - Login Button Clicked
[INFO ] 2025-10-29 10:14:54 [main] (Liskart_Login_StepDef.java:60) - Phone number entered
[INFO ] 2025-10-29 13:05:31 [main] (Liskart_Login_StepDef.java:39) - Clicked to enter phone number
[INFO ] 2025-10-29 13:05:38 [main] (Liskart_Login_StepDef.java:60) - Phone number entered
[INFO ] 2025-10-29 13:05:38 [main] (Liskart_Login_StepDef.java:62) - Clicked on send otp
[INFO ] 2025-10-29 13:05:39 [main] (Liskart_Login_StepDef.java:65) - OTP Entered
[INFO ] 2025-10-29 13:05:39 [main] (Liskart_Login_StepDef.java:68) - Login Button Clicked
[INFO ] 2025-10-29 13:05:39 [main] (Liskart_Login_StepDef.java:60) - Phone number entered
[INFO ] 2025-10-30 06:32:32 [main] (Liskart_Login_StepDef.java:39) - Clicked to enter phone number
[INFO ] 2025-10-30 06:32:36 [main] (Liskart_Login_StepDef.java:60) - Phone number entered
[INFO ] 2025-10-30 06:32:36 [main] (Liskart_Login_StepDef.java:62) - Clicked on send otp
[INFO ] 2025-10-30 06:32:37 [main] (Liskart_Login_StepDef.java:65) - OTP Entered
[INFO ] 2025-10-30 06:32:38 [main] (Liskart_Login_StepDef.java:68) - Login Button Clicked
[INFO ] 2025-10-30 06:32:38 [main] (Liskart_Login_StepDef.java:60) - Phone number entered
[INFO ] 2025-10-30 06:32:49 [main] (Liskart_Registration_StepDef.java:66) - Enter basic details of LiskartRegistration
[INFO ] 2025-10-30 06:36:39 [main] (Liskart_Seller_Registration_StepDef.java:61) - Enter basic details of LiskartRegistration
[INFO ] 2025-10-30 06:37:49 [main] (Liskart_Seller_Registration_StepDef.java:61) - Enter basic details of LiskartRegistration
[INFO ] 2025-10-30 06:40:50 [main] (Liskart_Seller_Login_StepDef.java:35) - Clicked to enter phone number
[INFO ] 2025-10-30 06:40:54 [main] (Liskart_Seller_Login_StepDef.java:56) - Phone number entered
[INFO ] 2025-10-30 06:40:54 [main] (Liskart_Seller_Login_StepDef.java:58) - Clicked on send otp
[INFO ] 2025-10-30 06:45:58 [main] (Liskart_Seller_Login_StepDef.java:35) - Clicked to enter phone number
[INFO ] 2025-10-30 06:46:01 [main] (Liskart_Seller_Login_StepDef.java:56) - Phone number entered
[INFO ] 2025-10-30 06:46:02 [main] (Liskart_Seller_Login_StepDef.java:58) - Clicked on send otp
[INFO ] 2025-10-30 06:46:02 [main] (Liskart_Seller_Login_StepDef.java:61) - OTP Entered
[INFO ] 2025-10-30 06:48:18 [main] (Liskart_Seller_Login_StepDef.java:35) - Clicked to enter phone number
[INFO ] 2025-10-30 06:48:21 [main] (Liskart_Seller_Login_StepDef.java:56) - Phone number entered
[INFO ] 2025-10-30 06:48:21 [main] (Liskart_Seller_Login_StepDef.java:58) - Clicked on send otp
[INFO ] 2025-10-30 06:48:21 [main] (Liskart_Seller_Login_StepDef.java:61) - OTP Entered
[INFO ] 2025-10-30 06:48:22 [main] (Liskart_Seller_Login_StepDef.java:64) - Login Button Clicked
[INFO ] 2025-10-30 07:24:56 [main] (Liskart_Seller_Login_StepDef.java:35) - Clicked to enter phone number
[INFO ] 2025-10-30 07:24:59 [main] (Liskart_Seller_Login_StepDef.java:56) - Phone number entered
[INFO ] 2025-10-30 07:24:59 [main] (Liskart_Seller_Login_StepDef.java:58) - Clicked on send otp
[INFO ] 2025-10-30 07:25:00 [main] (Liskart_Seller_Login_StepDef.java:61) - OTP Entered
[INFO ] 2025-10-30 07:25:00 [main] (Liskart_Seller_Login_StepDef.java:64) - Login Button Clicked
[INFO ] 2025-10-30 07:33:24 [main] (Liskart_Registration_StepDef.java:66) - Enter basic details of LiskartRegistration
[INFO ] 2025-10-30 07:33:34 [main] (Liskart_Login_StepDef.java:39) - Clicked to enter phone number
[INFO ] 2025-10-30 07:33:37 [main] (Liskart_Login_StepDef.java:60) - Phone number entered
[INFO ] 2025-10-30 07:33:37 [main] (Liskart_Login_StepDef.java:62) - Clicked on send otp
[INFO ] 2025-10-30 07:33:39 [main] (Liskart_Login_StepDef.java:65) - OTP Entered
[INFO ] 2025-10-30 07:33:39 [main] (Liskart_Login_StepDef.java:68) - Login Button Clicked
[INFO ] 2025-10-30 07:33:39 [main] (Liskart_Login_StepDef.java:60) - Phone number entered
[INFO ] 2025-10-30 07:33:50 [main] (Liskart_Seller_Registration_StepDef.java:61) - Enter basic details of LiskartRegistration
[INFO ] 2025-10-30 07:34:06 [main] (Liskart_Seller_Login_StepDef.java:35) - Clicked to enter phone number
[INFO ] 2025-10-30 07:34:07 [main] (Liskart_Seller_Login_StepDef.java:56) - Phone number entered
[INFO ] 2025-10-30 07:34:08 [main] (Liskart_Seller_Login_StepDef.java:58) - Clicked on send otp
[INFO ] 2025-10-30 07:34:08 [main] (Liskart_Seller_Login_StepDef.java:61) - OTP Entered
[INFO ] 2025-10-30 07:34:09 [main] (Liskart_Seller_Login_StepDef.java:64) - Login Button Clicked
[INFO ] 2025-10-30 08:11:21 [main] (Liskart_Registration_StepDef.java:66) - Enter basic details of LiskartRegistration
[INFO ] 2025-10-30 08:11:30 [main] (Liskart_Login_StepDef.java:39) - Clicked to enter phone number
[INFO ] 2025-10-30 08:11:34 [main] (Liskart_Login_StepDef.java:60) - Phone number entered
[INFO ] 2025-10-30 08:11:34 [main] (Liskart_Login_StepDef.java:62) - Clicked on send otp
[INFO ] 2025-10-30 08:11:36 [main] (Liskart_Login_StepDef.java:65) - OTP Entered
[INFO ] 2025-10-30 08:11:36 [main] (Liskart_Login_StepDef.java:68) - Login Button Clicked
[INFO ] 2025-10-30 08:11:36 [main] (Liskart_Login_StepDef.java:60) - Phone number entered
[INFO ] 2025-10-30 08:11:46 [main] (Liskart_Seller_Registration_StepDef.java:61) - Enter basic details of LiskartRegistration
[INFO ] 2025-10-30 08:12:02 [main] (Liskart_Seller_Login_StepDef.java:35) - Clicked to enter phone number
[INFO ] 2025-10-30 08:12:03 [main] (Liskart_Seller_Login_StepDef.java:56) - Phone number entered
[INFO ] 2025-10-30 08:12:03 [main] (Liskart_Seller_Login_StepDef.java:58) - Clicked on send otp
[INFO ] 2025-10-30 08:12:04 [main] (Liskart_Seller_Login_StepDef.java:61) - OTP Entered
[INFO ] 2025-10-30 08:12:05 [main] (Liskart_Seller_Login_StepDef.java:64) - Login Button Clicked
[INFO ] 2025-10-30 08:25:33 [main] (Liskart_Registration_StepDef.java:66) - Enter basic details of LiskartRegistration
[INFO ] 2025-10-30 08:25:42 [main] (Liskart_Login_StepDef.java:39) - Clicked to enter phone number
[INFO ] 2025-10-30 08:25:46 [main] (Liskart_Login_StepDef.java:60) - Phone number entered
[INFO ] 2025-10-30 08:25:46 [main] (Liskart_Login_StepDef.java:62) - Clicked on send otp
[INFO ] 2025-10-30 08:25:47 [main] (Liskart_Login_StepDef.java:65) - OTP Entered
[INFO ] 2025-10-30 08:25:47 [main] (Liskart_Login_StepDef.java:68) - Login Button Clicked
[INFO ] 2025-10-30 08:25:47 [main] (Liskart_Login_StepDef.java:60) - Phone number entered
[INFO ] 2025-10-30 08:25:57 [main] (Liskart_Seller_Registration_StepDef.java:61) - Enter basic details of LiskartRegistration
[INFO ] 2025-10-30 08:26:14 [main] (Liskart_Seller_Login_StepDef.java:35) - Clicked to enter phone number
[INFO ] 2025-10-30 08:26:16 [main] (Liskart_Seller_Login_StepDef.java:56) - Phone number entered
[INFO ] 2025-10-30 08:26:16 [main] (Liskart_Seller_Login_StepDef.java:58) - Clicked on send otp
[INFO ] 2025-10-30 08:26:17 [main] (Liskart_Seller_Login_StepDef.java:61) - OTP Entered
[INFO ] 2025-10-30 08:26:17 [main] (Liskart_Seller_Login_StepDef.java:64) - Login Button Clicked
[INFO ] 2025-10-30 08:35:54 [main] (Liskart_Registration_StepDef.java:66) - Enter basic details of LiskartRegistration
[INFO ] 2025-10-30 08:36:03 [main] (Liskart_Login_StepDef.java:39) - Clicked to enter phone number
[INFO ] 2025-10-30 08:36:07 [main] (Liskart_Login_StepDef.java:60) - Phone number entered
[INFO ] 2025-10-30 08:36:07 [main] (Liskart_Login_StepDef.java:62) - Clicked on send otp
[INFO ] 2025-10-30 08:36:08 [main] (Liskart_Login_StepDef.java:65) - OTP Entered
[INFO ] 2025-10-30 08:36:09 [main] (Liskart_Login_StepDef.java:68) - Login Button Clicked
[INFO ] 2025-10-30 08:36:09 [main] (Liskart_Login_StepDef.java:60) - Phone number entered
[INFO ] 2025-10-30 08:36:19 [main] (Liskart_Seller_Registration_StepDef.java:61) - Enter basic details of LiskartRegistration
[INFO ] 2025-10-30 08:36:36 [main] (Liskart_Seller_Login_StepDef.java:35) - Clicked to enter phone number
[INFO ] 2025-10-30 08:36:38 [main] (Liskart_Seller_Login_StepDef.java:56) - Phone number entered
[INFO ] 2025-10-30 08:36:38 [main] (Liskart_Seller_Login_StepDef.java:58) - Clicked on send otp
[INFO ] 2025-10-30 08:36:38 [main] (Liskart_Seller_Login_StepDef.java:61) - OTP Entered
[INFO ] 2025-10-30 08:36:39 [main] (Liskart_Seller_Login_StepDef.java:64) - Login Button Clicked
[INFO ] 2025-10-30 08:42:08 [main] (Liskart_Registration_StepDef.java:66) - Enter basic details of LiskartRegistration
[INFO ] 2025-10-30 08:42:18 [main] (Liskart_Login_StepDef.java:39) - Clicked to enter phone number
[INFO ] 2025-10-30 08:42:22 [main] (Liskart_Login_StepDef.java:60) - Phone number entered
[INFO ] 2025-10-30 08:42:22 [main] (Liskart_Login_StepDef.java:62) - Clicked on send otp
[INFO ] 2025-10-30 08:42:23 [main] (Liskart_Login_StepDef.java:65) - OTP Entered
[INFO ] 2025-10-30 08:42:24 [main] (Liskart_Login_StepDef.java:68) - Login Button Clicked
[INFO ] 2025-10-30 08:42:24 [main] (Liskart_Login_StepDef.java:60) - Phone number entered
[INFO ] 2025-10-30 08:42:33 [main] (Liskart_Seller_Registration_StepDef.java:61) - Enter basic details of LiskartRegistration
[INFO ] 2025-10-30 08:42:52 [main] (Liskart_Seller_Login_StepDef.java:35) - Clicked to enter phone number
[INFO ] 2025-10-30 08:42:54 [main] (Liskart_Seller_Login_StepDef.java:56) - Phone number entered
[INFO ] 2025-10-30 08:42:54 [main] (Liskart_Seller_Login_StepDef.java:58) - Clicked on send otp
[INFO ] 2025-10-30 08:42:54 [main] (Liskart_Seller_Login_StepDef.java:61) - OTP Entered
[INFO ] 2025-10-30 08:42:55 [main] (Liskart_Seller_Login_StepDef.java:64) - Login Button Clicked
[INFO ] 2025-10-30 09:38:03 [main] (Liskart_Registration_StepDef.java:66) - Enter basic details of LiskartRegistration
[INFO ] 2025-10-30 09:38:14 [main] (Liskart_Login_StepDef.java:39) - Clicked to enter phone number
[INFO ] 2025-10-30 09:38:18 [main] (Liskart_Login_StepDef.java:60) - Phone number entered
[INFO ] 2025-10-30 09:38:18 [main] (Liskart_Login_StepDef.java:62) - Clicked on send otp
[INFO ] 2025-10-30 09:38:19 [main] (Liskart_Login_StepDef.java:65) - OTP Entered
[INFO ] 2025-10-30 09:38:20 [main] (Liskart_Login_StepDef.java:68) - Login Button Clicked
[INFO ] 2025-10-30 09:38:21 [main] (Liskart_Login_StepDef.java:60) - Phone number entered
[INFO ] 2025-10-30 09:38:30 [main] (Liskart_Seller_Registration_StepDef.java:61) - Enter basic details of LiskartRegistration
[INFO ] 2025-10-30 09:38:48 [main] (Liskart_Seller_Login_StepDef.java:35) - Clicked to enter phone number
[INFO ] 2025-10-30 09:38:49 [main] (Liskart_Seller_Login_StepDef.java:56) - Phone number entered
[INFO ] 2025-10-30 09:38:49 [main] (Liskart_Seller_Login_StepDef.java:58) - Clicked on send otp
[INFO ] 2025-10-30 09:38:50 [main] (Liskart_Seller_Login_StepDef.java:61) - OTP Entered
[INFO ] 2025-10-30 09:38:51 [main] (Liskart_Seller_Login_StepDef.java:64) - Login Button Clicked
[INFO ] 2025-10-30 11:26:02 [main] (Liskart_Seller_Registration_StepDef.java:61) - Enter basic details of LiskartRegistration
[INFO ] 2025-10-30 11:40:57 [main] (Liskart_Seller_Registration_StepDef.java:61) - Enter basic details of LiskartRegistration
[INFO ] 2025-10-30 11:41:56 [main] (Liskart_Seller_Registration_StepDef.java:61) - Enter basic details of LiskartRegistration
[INFO ] 2025-10-30 11:48:00 [main] (Liskart_Seller_Registration_StepDef.java:61) - Enter basic details of LiskartRegistration
[INFO ] 2025-10-30 11:50:22 [main] (Liskart_Seller_Registration_StepDef.java:61) - Enter basic details of LiskartRegistration
[INFO ] 2025-10-30 11:52:42 [main] (Liskart_Login_StepDef.java:39) - Clicked to enter phone number
[INFO ] 2025-10-30 11:52:49 [main] (Liskart_Login_StepDef.java:60) - Phone number entered
[INFO ] 2025-10-30 11:52:49 [main] (Liskart_Login_StepDef.java:62) - Clicked on send otp
[INFO ] 2025-10-30 11:52:50 [main] (Liskart_Login_StepDef.java:65) - OTP Entered
[INFO ] 2025-10-30 11:52:51 [main] (Liskart_Login_StepDef.java:68) - Login Button Clicked
[INFO ] 2025-10-30 11:52:52 [main] (Liskart_Login_StepDef.java:60) - Phone number entered
[INFO ] 2025-10-30 11:57:07 [main] (Liskart_Login_StepDef.java:39) - Clicked to enter phone number
[INFO ] 2025-10-30 11:57:14 [main] (Liskart_Login_StepDef.java:60) - Phone number entered
[INFO ] 2025-10-30 11:57:14 [main] (Liskart_Login_StepDef.java:62) - Clicked on send otp
[INFO ] 2025-10-30 11:57:15 [main] (Liskart_Login_StepDef.java:65) - OTP Entered
[INFO ] 2025-10-30 11:57:16 [main] (Liskart_Login_StepDef.java:68) - Login Button Clicked
[INFO ] 2025-10-30 11:59:43 [main] (Liskart_Login_StepDef.java:39) - Clicked to enter phone number
[INFO ] 2025-10-30 11:59:50 [main] (Liskart_Login_StepDef.java:60) - Phone number entered
[INFO ] 2025-10-30 11:59:50 [main] (Liskart_Login_StepDef.java:62) - Clicked on send otp
[INFO ] 2025-10-30 11:59:51 [main] (Liskart_Login_StepDef.java:65) - OTP Entered
[INFO ] 2025-10-30 11:59:51 [main] (Liskart_Login_StepDef.java:68) - Login Button Clicked
[INFO ] 2025-10-30 12:02:26 [main] (Liskart_Registration_StepDef.java:66) - Enter basic details of LiskartRegistration
[INFO ] 2025-10-30 12:04:21 [main] (Liskart_Registration_StepDef.java:66) - Enter basic details of LiskartRegistration
[INFO ] 2025-10-30 12:10:24 [main] (Liskart_Registration_StepDef.java:66) - Enter basic details of LiskartRegistration
[INFO ] 2025-10-30 12:12:14 [main] (Liskart_Registration_StepDef.java:66) - Enter basic details of LiskartRegistration
[INFO ] 2025-10-30 12:14:27 [main] (Liskart_Registration_StepDef.java:66) - Enter basic details of LiskartRegistration
[INFO ] 2025-10-30 12:15:47 [main] (Liskart_Registration_StepDef.java:66) - Enter basic details of LiskartRegistration
[INFO ] 2025-10-30 12:19:20 [main] (Liskart_Registration_StepDef.java:66) - Enter basic details of LiskartRegistration
[INFO ] 2025-10-30 12:20:26 [main] (Liskart_Registration_StepDef.java:66) - Enter basic details of LiskartRegistration
[INFO ] 2025-10-30 12:21:55 [main] (Liskart_Seller_Login_StepDef.java:35) - Clicked to enter phone number
[INFO ] 2025-10-30 12:21:59 [main] (Liskart_Seller_Login_StepDef.java:56) - Phone number entered
[INFO ] 2025-10-30 12:21:59 [main] (Liskart_Seller_Login_StepDef.java:58) - Clicked on send otp
[INFO ] 2025-10-30 12:22:00 [main] (Liskart_Seller_Login_StepDef.java:61) - OTP Entered
[INFO ] 2025-10-30 12:22:01 [main] (Liskart_Seller_Login_StepDef.java:64) - Login Button Clicked
[INFO ] 2025-10-30 12:22:02 [main] (Liskart_Seller_Login_StepDef.java:56) - Phone number entered
[INFO ] 2025-10-30 12:23:23 [main] (Liskart_Seller_Login_StepDef.java:35) - Clicked to enter phone number
[INFO ] 2025-10-30 12:23:27 [main] (Liskart_Seller_Login_StepDef.java:56) - Phone number entered
[INFO ] 2025-10-30 12:23:27 [main] (Liskart_Seller_Login_StepDef.java:58) - Clicked on send otp
[INFO ] 2025-10-30 12:23:28 [main] (Liskart_Seller_Login_StepDef.java:61) - OTP Entered
[INFO ] 2025-10-30 12:23:28 [main] (Liskart_Seller_Login_StepDef.java:64) - Login Button Clicked
[INFO ] 2025-10-30 12:25:02 [main] (Liskart_Registration_StepDef.java:66) - Enter basic details of LiskartRegistration
[INFO ] 2025-10-30 12:25:18 [main] (Liskart_Login_StepDef.java:39) - Clicked to enter phone number
[INFO ] 2025-10-30 12:25:21 [main] (Liskart_Login_StepDef.java:60) - Phone number entered
[INFO ] 2025-10-30 12:25:21 [main] (Liskart_Login_StepDef.java:62) - Clicked on send otp
[INFO ] 2025-10-30 12:25:23 [main] (Liskart_Login_StepDef.java:65) - OTP Entered
[INFO ] 2025-10-30 12:25:23 [main] (Liskart_Login_StepDef.java:68) - Login Button Clicked
[INFO ] 2025-10-30 12:25:34 [main] (Liskart_Seller_Registration_StepDef.java:61) - Enter basic details of LiskartRegistration
[INFO ] 2025-10-30 12:25:55 [main] (Liskart_Seller_Login_StepDef.java:35) - Clicked to enter phone number
[INFO ] 2025-10-30 12:25:58 [main] (Liskart_Seller_Login_StepDef.java:56) - Phone number entered
[INFO ] 2025-10-30 12:25:58 [main] (Liskart_Seller_Login_StepDef.java:58) - Clicked on send otp
[INFO ] 2025-10-30 12:25:59 [main] (Liskart_Seller_Login_StepDef.java:61) - OTP Entered
[INFO ] 2025-10-30 12:25:59 [main] (Liskart_Seller_Login_StepDef.java:64) - Login Button Clicked
[INFO ] 2025-10-30 12:27:56 [main] (Liskart_Registration_StepDef.java:66) - Enter basic details of LiskartRegistration
[INFO ] 2025-10-30 12:28:12 [main] (Liskart_Login_StepDef.java:39) - Clicked to enter phone number
[INFO ] 2025-10-30 12:28:19 [main] (Liskart_Login_StepDef.java:60) - Phone number entered
[INFO ] 2025-10-30 12:28:19 [main] (Liskart_Login_StepDef.java:62) - Clicked on send otp
[INFO ] 2025-10-30 12:28:21 [main] (Liskart_Login_StepDef.java:65) - OTP Entered
[INFO ] 2025-10-30 12:28:21 [main] (Liskart_Login_StepDef.java:68) - Login Button Clicked
[INFO ] 2025-10-30 12:28:36 [main] (Liskart_Seller_Registration_StepDef.java:61) - Enter basic details of LiskartRegistration
[INFO ] 2025-10-30 12:28:53 [main] (Liskart_Seller_Login_StepDef.java:35) - Clicked to enter phone number
[INFO ] 2025-10-30 12:28:56 [main] (Liskart_Seller_Login_StepDef.java:56) - Phone number entered
[INFO ] 2025-10-30 12:28:56 [main] (Liskart_Seller_Login_StepDef.java:58) - Clicked on send otp
[INFO ] 2025-10-30 12:28:57 [main] (Liskart_Seller_Login_StepDef.java:61) - OTP Entered
[INFO ] 2025-10-30 12:28:58 [main] (Liskart_Seller_Login_StepDef.java:64) - Login Button Clicked
[INFO ] 2025-10-30 12:30:23 [main] (Liskart_Registration_StepDef.java:66) - Enter basic details of LiskartRegistration
[INFO ] 2025-10-30 12:30:43 [main] (Liskart_Login_StepDef.java:39) - Clicked to enter phone number
[INFO ] 2025-10-30 12:30:50 [main] (Liskart_Login_StepDef.java:60) - Phone number entered
[INFO ] 2025-10-30 12:30:50 [main] (Liskart_Login_StepDef.java:62) - Clicked on send otp
[INFO ] 2025-10-30 12:30:52 [main] (Liskart_Login_StepDef.java:65) - OTP Entered
[INFO ] 2025-10-30 12:30:52 [main] (Liskart_Login_StepDef.java:68) - Login Button Clicked
[INFO ] 2025-10-30 12:31:10 [main] (Liskart_Seller_Registration_StepDef.java:61) - Enter basic details of LiskartRegistration
[INFO ] 2025-10-30 12:31:32 [main] (Liskart_Seller_Login_StepDef.java:35) - Clicked to enter phone number
[INFO ] 2025-10-30 12:31:36 [main] (Liskart_Seller_Login_StepDef.java:56) - Phone number entered
[INFO ] 2025-10-30 12:31:37 [main] (Liskart_Seller_Login_StepDef.java:58) - Clicked on send otp
[INFO ] 2025-10-30 12:31:38 [main] (Liskart_Seller_Login_StepDef.java:61) - OTP Entered
[INFO ] 2025-10-30 12:31:38 [main] (Liskart_Seller_Login_StepDef.java:64) - Login Button Clicked
[INFO ] 2025-10-30 13:25:43 [main] (Liskart_Registration_StepDef.java:66) - Enter basic details of LiskartRegistration
[INFO ] 2025-10-30 13:25:55 [main] (Liskart_Login_StepDef.java:39) - Clicked to enter phone number
[INFO ] 2025-10-30 13:25:57 [main] (Liskart_Login_StepDef.java:60) - Phone number entered
[INFO ] 2025-10-30 13:25:57 [main] (Liskart_Login_StepDef.java:62) - Clicked on send otp
[INFO ] 2025-10-30 13:25:59 [main] (Liskart_Login_StepDef.java:65) - OTP Entered
[INFO ] 2025-10-30 13:25:59 [main] (Liskart_Login_StepDef.java:68) - Login Button Clicked
[INFO ] 2025-10-30 13:26:08 [main] (Liskart_Seller_Registration_StepDef.java:61) - Enter basic details of LiskartRegistration
[INFO ] 2025-10-30 13:26:23 [main] (Liskart_Seller_Login_StepDef.java:35) - Clicked to enter phone number
[INFO ] 2025-10-30 13:26:24 [main] (Liskart_Seller_Login_StepDef.java:56) - Phone number entered
[INFO ] 2025-10-30 13:26:24 [main] (Liskart_Seller_Login_StepDef.java:58) - Clicked on send otp
[INFO ] 2025-10-30 13:26:25 [main] (Liskart_Seller_Login_StepDef.java:61) - OTP Entered
[INFO ] 2025-10-30 13:26:25 [main] (Liskart_Seller_Login_StepDef.java:64) - Login Button Clicked
[INFO ] 2025-11-17 13:14:01 [main] (Liskart_Registration_StepDef.java:66) - Enter basic details of LiskartRegistration
[INFO ] 2025-11-17 13:14:13 [main] (Liskart_Login_StepDef.java:39) - Clicked to enter phone number
[INFO ] 2025-11-17 13:14:14 [main] (Liskart_Login_StepDef.java:60) - Phone number entered
[INFO ] 2025-11-17 13:14:14 [main] (Liskart_Login_StepDef.java:62) - Clicked on send otp
[INFO ] 2025-11-17 13:14:16 [main] (Liskart_Login_StepDef.java:65) - OTP Entered
[INFO ] 2025-11-17 13:14:16 [main] (Liskart_Login_StepDef.java:68) - Login Button Clicked
[INFO ] 2025-11-17 13:14:25 [main] (Liskart_Seller_Registration_StepDef.java:61) - Enter basic details of LiskartRegistration
[INFO ] 2025-11-17 13:14:42 [main] (Liskart_Seller_Login_StepDef.java:35) - Clicked to enter phone number
[INFO ] 2025-11-17 13:14:43 [main] (Liskart_Seller_Login_StepDef.java:56) - Phone number entered
[INFO ] 2025-11-17 13:14:43 [main] (Liskart_Seller_Login_StepDef.java:58) - Clicked on send otp
[INFO ] 2025-11-17 13:14:44 [main] (Liskart_Seller_Login_StepDef.java:61) - OTP Entered
[INFO ] 2025-11-17 13:14:44 [main] (Liskart_Seller_Login_StepDef.java:64) - Login Button Clicked
